#
# A fatal error has been detected by the Java Runtime Environment:
#
#  SIGBUS (0x7) at pc=0x0000703fc05ed487, pid=1, tid=52
#
# JRE version: OpenJDK Runtime Environment Temurin-11.0.22+7 (11.0.22+7) (build 11.0.22+7)
# Java VM: OpenJDK 64-Bit Server VM Temurin-11.0.22+7 (11.0.22+7, mixed mode, sharing, tiered, compressed oops, g1 gc, linux-amd64)
# Problematic frame:
# V  [libjvm.so+0x86e487]  CodeHeap::deallocate(void*)+0x497
#
# No core dump will be written. 
#
# If you would like to submit a bug report, please visit:
#   https://github.com/adoptium/adoptium-support/issues
#

---------------  S U M M A R Y ------------

Command Line: -Xmx1g 
[error occurred during error reporting (printing VM option summary), id 0x7, SIGBUS (0x7) at pc=0x0000703fc14e1947]

Host: 12th Gen Intel(R) Core(TM) i7-12700H, 20 cores, 7G, Ubuntu 20.04.6 LTS
Time: Thu Apr 16 12:26:51 2026 UTC elapsed time: 24.954269 seconds (0d 0h 0m 24s)

---------------  T H R E A D  ---------------

Current thread (0x0000703f4c047800):  JavaThread "C1 CompilerThread1" daemon [_thread_in_vm, id=52, stack(0x0000703f92630000,0x0000703f92731000)]

Stack: [0x0000703f92630000,0x0000703f92731000],  sp=0x0000703f9272fc60,  free space=1023k
Native frames: (J=compiled Java code, A=aot compiled Java code, j=interpreted, Vv=VM code, C=native code)
V  [libjvm.so+0x86e487]  CodeHeap::deallocate(void*)+0x497
V  [libjvm.so+0x682c5b]  CompileBroker::compiler_thread_loop()+0x38b
V  [libjvm.so+0xee06da]  JavaThread::thread_main_inner()+0x1ba
V  [libjvm.so+0xedd31f]  Thread::call_run()+0x14f
V  [libjvm.so+0xc7b6b6]  thread_native_entry(Thread*)+0xe6


siginfo: si_signo: 7 (SIGBUS), si_code: 2 (BUS_ADRERR), si_addr: 0x0000703fbf2851a4

Register to memory mapping:

RAX=0x0000703fa36e8d80 points into unknown readable memory: 0x0000000000000e14 | 14 0e 00 00 00 00 00 00
RBX=0x0000703fb8036270 points into unknown readable memory: 0x0000703fc120ca20 | 20 ca 20 c1 3f 70 00 00
RCX=